<?xml version="1.0" encoding="UTF-8"?>
<!-- Generated by org.testng.reporters.JUnitReportReporter -->
<testsuite hostname="DESKTOP-6AUG6SK" failures="0" tests="4" name="com.tutorialsninja.qa.testcases.Register" time="89.746" errors="0" timestamp="2024-03-03T19:23:23 IST" skipped="0">
  <testcase classname="com.tutorialsninja.qa.testcases.Register" name="verifyRegisterinAnAccountWithMandatoryFields" time="47.637"/>
  <system-out/>
  <testcase classname="com.tutorialsninja.qa.testcases.Register" name="verifyRegisteringAnAccountByEnteringAllFields" time="13.843"/>
  <system-out/>
  <testcase classname="com.tutorialsninja.qa.testcases.Register" name="verifyRegisteringAccountWithExistingEmailAddress" time="15.322"/>
  <system-out/>
  <testcase classname="com.tutorialsninja.qa.testcases.Register" name="verifyRegisteringAccountWithoutProvidingAnyDetails" time="12.944"/>
  <system-out/>
</testsuite> <!-- com.tutorialsninja.qa.testcases.Register -->
